Compiling the C compiler identification source file "CMakeCCompilerId.c" failed.
Compiler:  
Build flags: 
Id flags:  

The output was:
1
Microsoft (R) Build Engine versión 16.3.2+e481bbf88 para .NET Framework
Copyright (C) Microsoft Corporation. Todos los derechos reservados.

Compilación iniciada a las 07/11/2019 10:38:09.
Proyecto "C:\Users\sesa219824\Documents\corporativo\cursos\Udacity\C++\Projects\CppND-Route-Planning-Project\build\CMakeFiles\3.16.0-rc2\CompilerIdC\CompilerIdC.vcxproj" en nodo 1 (destinos predeterminados).
PrepareForBuild:
  Creando directorio "Debug\".
  Creando directorio "Debug\CompilerIdC.tlog\".
InitializeBuildStatus:
  Se creará "Debug\CompilerIdC.tlog\unsuccessfulbuild" porque se especificó "AlwaysCreate".
VcpkgTripletSelection:
  Using triplet "x64-windows" from "C:\Users\sesa219824\Documents\corporativo\cursos\Udacity\C++\Projects\vcpkg\installed\x64-windows\"
ClCompile:
  C:\Program Files (x86)\Microsoft Visual Studio\2019\Community\VC\Tools\MSVC\14.23.28105\bin\HostX64\x64\CL.exe /c /I"C:\Users\sesa219824\Documents\corporativo\cursos\Udacity\C++\Projects\vcpkg\installed\x64-windows\include" /nologo /W0 /WX- /diagnostics:column /Od /D _MBCS /Gm- /EHsc /RTC1 /MDd /GS /fp:precise /Zc:wchar_t /Zc:forScope /Zc:inline /Fo"Debug\\" /Fd"Debug\vc142.pdb" /Gd /TC /FC /errorReport:queue CMakeCCompilerId.c
  CMakeCCompilerId.c
Link:
  C:\Program Files (x86)\Microsoft Visual Studio\2019\Community\VC\Tools\MSVC\14.23.28105\bin\HostX64\x64\link.exe /ERRORREPORT:QUEUE /OUT:".\CompilerIdC.exe" /INCREMENTAL:NO /NOLOGO /LIBPATH:"C:\Users\sesa219824\Documents\corporativo\cursos\Udacity\C++\Projects\vcpkg\installed\x64-windows\debug\lib" /LIBPATH:"C:\Users\sesa219824\Documents\corporativo\cursos\Udacity\C++\Projects\vcpkg\installed\x64-windows\debug\lib\manual-link" kernel32.lib user32.lib gdi32.lib winspool.lib comdlg32.lib advapi32.lib shell32.lib ole32.lib oleaut32.lib uuid.lib odbc32.lib odbccp32.lib "C:\Users\sesa219824\Documents\corporativo\cursos\Udacity\C++\Projects\vcpkg\installed\x64-windows\debug\lib\*.lib" /MANIFEST /MANIFESTUAC:"level='asInvoker' uiAccess='false'" /manifest:embed /PDB:".\CompilerIdC.pdb" /SUBSYSTEM:CONSOLE /TLBID:1 /DYNAMICBASE /NXCOMPAT /IMPLIB:".\CompilerIdC.lib" /MACHINE:X64 Debug\CMakeCCompilerId.obj
  CompilerIdC.vcxproj -> C:\Users\sesa219824\Documents\corporativo\cursos\Udacity\C++\Projects\CppND-Route-Planning-Project\build\CMakeFiles\3.16.0-rc2\CompilerIdC\.\CompilerIdC.exe
AppLocalFromInstalled:
  C:\WINDOWS\System32\WindowsPowerShell\v1.0\powershell.exe -ExecutionPolicy Bypass -noprofile -File "C:\Users\sesa219824\Documents\corporativo\cursos\Udacity\C++\Projects\vcpkg\scripts\buildsystems\msbuild\applocal.ps1" "C:\Users\sesa219824\Documents\corporativo\cursos\Udacity\C++\Projects\CppND-Route-Planning-Project\build\CMakeFiles\3.16.0-rc2\CompilerIdC\.\CompilerIdC.exe" "C:\Users\sesa219824\Documents\corporativo\cursos\Udacity\C++\Projects\vcpkg\installed\x64-windows\debug\bin" "Debug\CompilerIdC.tlog\CompilerIdC.write.1u.tlog" "Debug\vcpkg.applocal.log"
  CylancePROTECT Script Control has blocked access to this PowerShell script.
C:\Users\sesa219824\Documents\corporativo\cursos\Udacity\C++\Projects\vcpkg\scripts\buildsystems\msbuild\vcpkg.targets(88,5): error MSB3075: El comando "C:\WINDOWS\System32\WindowsPowerShell\v1.0\powershell.exe -ExecutionPolicy Bypass -noprofile -File "C:\Users\sesa219824\Documents\corporativo\cursos\Udacity\C++\Projects\vcpkg\scripts\buildsystems\msbuild\applocal.ps1" "C:\Users\sesa219824\Documents\corporativo\cursos\Udacity\C++\Projects\CppND-Route-Planning-Project\build\CMakeFiles\3.16.0-rc2\CompilerIdC\.\CompilerIdC.exe" "C:\Users\sesa219824\Documents\corporativo\cursos\Udacity\C++\Projects\vcpkg\installed\x64-windows\debug\bin" "Debug\CompilerIdC.tlog\CompilerIdC.write.1u.tlog" "Debug\vcpkg.applocal.log"" salió con el código 5. Compruebe que tiene derechos suficientes para ejecutar este comando. [C:\Users\sesa219824\Documents\corporativo\cursos\Udacity\C++\Projects\CppND-Route-Planning-Project\build\CMakeFiles\3.16.0-rc2\CompilerIdC\CompilerIdC.vcxproj]
Compilación del proyecto terminada "C:\Users\sesa219824\Documents\corporativo\cursos\Udacity\C++\Projects\CppND-Route-Planning-Project\build\CMakeFiles\3.16.0-rc2\CompilerIdC\CompilerIdC.vcxproj" (destinos predeterminados) -- ERROR.

ERROR al compilar.

"C:\Users\sesa219824\Documents\corporativo\cursos\Udacity\C++\Projects\CppND-Route-Planning-Project\build\CMakeFiles\3.16.0-rc2\CompilerIdC\CompilerIdC.vcxproj" (destino predeterminado) (1) ->
(AppLocalFromInstalled destino) -> 
  C:\Users\sesa219824\Documents\corporativo\cursos\Udacity\C++\Projects\vcpkg\scripts\buildsystems\msbuild\vcpkg.targets(88,5): error MSB3075: El comando "C:\WINDOWS\System32\WindowsPowerShell\v1.0\powershell.exe -ExecutionPolicy Bypass -noprofile -File "C:\Users\sesa219824\Documents\corporativo\cursos\Udacity\C++\Projects\vcpkg\scripts\buildsystems\msbuild\applocal.ps1" "C:\Users\sesa219824\Documents\corporativo\cursos\Udacity\C++\Projects\CppND-Route-Planning-Project\build\CMakeFiles\3.16.0-rc2\CompilerIdC\.\CompilerIdC.exe" "C:\Users\sesa219824\Documents\corporativo\cursos\Udacity\C++\Projects\vcpkg\installed\x64-windows\debug\bin" "Debug\CompilerIdC.tlog\CompilerIdC.write.1u.tlog" "Debug\vcpkg.applocal.log"" salió con el código 5. Compruebe que tiene derechos suficientes para ejecutar este comando. [C:\Users\sesa219824\Documents\corporativo\cursos\Udacity\C++\Projects\CppND-Route-Planning-Project\build\CMakeFiles\3.16.0-rc2\CompilerIdC\CompilerIdC.vcxproj]

    0 Advertencia(s)
    1 Errores

Tiempo transcurrido 00:00:21.72


Compiling the C compiler identification source file "CMakeCCompilerId.c" failed.
Compiler:  
Build flags: 
Id flags:  

The output was:
1
Microsoft (R) Build Engine versión 16.3.2+e481bbf88 para .NET Framework
Copyright (C) Microsoft Corporation. Todos los derechos reservados.

Compilación iniciada a las 07/11/2019 10:38:33.
Proyecto "C:\Users\sesa219824\Documents\corporativo\cursos\Udacity\C++\Projects\CppND-Route-Planning-Project\build\CMakeFiles\3.16.0-rc2\CompilerIdC\CompilerIdC.vcxproj" en nodo 1 (destinos predeterminados).
PrepareForBuild:
  Creando directorio "Debug\".
  Creando directorio "Debug\CompilerIdC.tlog\".
InitializeBuildStatus:
  Se creará "Debug\CompilerIdC.tlog\unsuccessfulbuild" porque se especificó "AlwaysCreate".
VcpkgTripletSelection:
  Using triplet "x64-windows" from "C:\Users\sesa219824\Documents\corporativo\cursos\Udacity\C++\Projects\vcpkg\installed\x64-windows\"
ClCompile:
  C:\Program Files (x86)\Microsoft Visual Studio\2019\Community\VC\Tools\MSVC\14.23.28105\bin\HostX64\x64\CL.exe /c /I"C:\Users\sesa219824\Documents\corporativo\cursos\Udacity\C++\Projects\vcpkg\installed\x64-windows\include" /nologo /W0 /WX- /diagnostics:column /Od /D _MBCS /Gm- /EHsc /RTC1 /MDd /GS /fp:precise /Zc:wchar_t /Zc:forScope /Zc:inline /Fo"Debug\\" /Fd"Debug\vc142.pdb" /Gd /TC /FC /errorReport:queue CMakeCCompilerId.c
  CMakeCCompilerId.c
Link:
  C:\Program Files (x86)\Microsoft Visual Studio\2019\Community\VC\Tools\MSVC\14.23.28105\bin\HostX64\x64\link.exe /ERRORREPORT:QUEUE /OUT:".\CompilerIdC.exe" /INCREMENTAL:NO /NOLOGO /LIBPATH:"C:\Users\sesa219824\Documents\corporativo\cursos\Udacity\C++\Projects\vcpkg\installed\x64-windows\debug\lib" /LIBPATH:"C:\Users\sesa219824\Documents\corporativo\cursos\Udacity\C++\Projects\vcpkg\installed\x64-windows\debug\lib\manual-link" kernel32.lib user32.lib gdi32.lib winspool.lib comdlg32.lib advapi32.lib shell32.lib ole32.lib oleaut32.lib uuid.lib odbc32.lib odbccp32.lib "C:\Users\sesa219824\Documents\corporativo\cursos\Udacity\C++\Projects\vcpkg\installed\x64-windows\debug\lib\*.lib" /MANIFEST /MANIFESTUAC:"level='asInvoker' uiAccess='false'" /manifest:embed /PDB:".\CompilerIdC.pdb" /SUBSYSTEM:CONSOLE /TLBID:1 /DYNAMICBASE /NXCOMPAT /IMPLIB:".\CompilerIdC.lib" /MACHINE:X64 Debug\CMakeCCompilerId.obj
  CompilerIdC.vcxproj -> C:\Users\sesa219824\Documents\corporativo\cursos\Udacity\C++\Projects\CppND-Route-Planning-Project\build\CMakeFiles\3.16.0-rc2\CompilerIdC\.\CompilerIdC.exe
AppLocalFromInstalled:
  C:\WINDOWS\System32\WindowsPowerShell\v1.0\powershell.exe -ExecutionPolicy Bypass -noprofile -File "C:\Users\sesa219824\Documents\corporativo\cursos\Udacity\C++\Projects\vcpkg\scripts\buildsystems\msbuild\applocal.ps1" "C:\Users\sesa219824\Documents\corporativo\cursos\Udacity\C++\Projects\CppND-Route-Planning-Project\build\CMakeFiles\3.16.0-rc2\CompilerIdC\.\CompilerIdC.exe" "C:\Users\sesa219824\Documents\corporativo\cursos\Udacity\C++\Projects\vcpkg\installed\x64-windows\debug\bin" "Debug\CompilerIdC.tlog\CompilerIdC.write.1u.tlog" "Debug\vcpkg.applocal.log"
  CylancePROTECT Script Control has blocked access to this PowerShell script.
C:\Users\sesa219824\Documents\corporativo\cursos\Udacity\C++\Projects\vcpkg\scripts\buildsystems\msbuild\vcpkg.targets(88,5): error MSB3075: El comando "C:\WINDOWS\System32\WindowsPowerShell\v1.0\powershell.exe -ExecutionPolicy Bypass -noprofile -File "C:\Users\sesa219824\Documents\corporativo\cursos\Udacity\C++\Projects\vcpkg\scripts\buildsystems\msbuild\applocal.ps1" "C:\Users\sesa219824\Documents\corporativo\cursos\Udacity\C++\Projects\CppND-Route-Planning-Project\build\CMakeFiles\3.16.0-rc2\CompilerIdC\.\CompilerIdC.exe" "C:\Users\sesa219824\Documents\corporativo\cursos\Udacity\C++\Projects\vcpkg\installed\x64-windows\debug\bin" "Debug\CompilerIdC.tlog\CompilerIdC.write.1u.tlog" "Debug\vcpkg.applocal.log"" salió con el código 5. Compruebe que tiene derechos suficientes para ejecutar este comando. [C:\Users\sesa219824\Documents\corporativo\cursos\Udacity\C++\Projects\CppND-Route-Planning-Project\build\CMakeFiles\3.16.0-rc2\CompilerIdC\CompilerIdC.vcxproj]
Compilación del proyecto terminada "C:\Users\sesa219824\Documents\corporativo\cursos\Udacity\C++\Projects\CppND-Route-Planning-Project\build\CMakeFiles\3.16.0-rc2\CompilerIdC\CompilerIdC.vcxproj" (destinos predeterminados) -- ERROR.

ERROR al compilar.

"C:\Users\sesa219824\Documents\corporativo\cursos\Udacity\C++\Projects\CppND-Route-Planning-Project\build\CMakeFiles\3.16.0-rc2\CompilerIdC\CompilerIdC.vcxproj" (destino predeterminado) (1) ->
(AppLocalFromInstalled destino) -> 
  C:\Users\sesa219824\Documents\corporativo\cursos\Udacity\C++\Projects\vcpkg\scripts\buildsystems\msbuild\vcpkg.targets(88,5): error MSB3075: El comando "C:\WINDOWS\System32\WindowsPowerShell\v1.0\powershell.exe -ExecutionPolicy Bypass -noprofile -File "C:\Users\sesa219824\Documents\corporativo\cursos\Udacity\C++\Projects\vcpkg\scripts\buildsystems\msbuild\applocal.ps1" "C:\Users\sesa219824\Documents\corporativo\cursos\Udacity\C++\Projects\CppND-Route-Planning-Project\build\CMakeFiles\3.16.0-rc2\CompilerIdC\.\CompilerIdC.exe" "C:\Users\sesa219824\Documents\corporativo\cursos\Udacity\C++\Projects\vcpkg\installed\x64-windows\debug\bin" "Debug\CompilerIdC.tlog\CompilerIdC.write.1u.tlog" "Debug\vcpkg.applocal.log"" salió con el código 5. Compruebe que tiene derechos suficientes para ejecutar este comando. [C:\Users\sesa219824\Documents\corporativo\cursos\Udacity\C++\Projects\CppND-Route-Planning-Project\build\CMakeFiles\3.16.0-rc2\CompilerIdC\CompilerIdC.vcxproj]

    0 Advertencia(s)
    1 Errores

Tiempo transcurrido 00:00:13.04


Compiling the CXX compiler identification source file "CMakeCXXCompilerId.cpp" failed.
Compiler:  
Build flags: 
Id flags:  

The output was:
1
Microsoft (R) Build Engine versión 16.3.2+e481bbf88 para .NET Framework
Copyright (C) Microsoft Corporation. Todos los derechos reservados.

Compilación iniciada a las 07/11/2019 10:38:50.
Proyecto "C:\Users\sesa219824\Documents\corporativo\cursos\Udacity\C++\Projects\CppND-Route-Planning-Project\build\CMakeFiles\3.16.0-rc2\CompilerIdCXX\CompilerIdCXX.vcxproj" en nodo 1 (destinos predeterminados).
PrepareForBuild:
  Creando directorio "Debug\".
  Creando directorio "Debug\CompilerIdCXX.tlog\".
InitializeBuildStatus:
  Se creará "Debug\CompilerIdCXX.tlog\unsuccessfulbuild" porque se especificó "AlwaysCreate".
VcpkgTripletSelection:
  Using triplet "x64-windows" from "C:\Users\sesa219824\Documents\corporativo\cursos\Udacity\C++\Projects\vcpkg\installed\x64-windows\"
ClCompile:
  C:\Program Files (x86)\Microsoft Visual Studio\2019\Community\VC\Tools\MSVC\14.23.28105\bin\HostX64\x64\CL.exe /c /I"C:\Users\sesa219824\Documents\corporativo\cursos\Udacity\C++\Projects\vcpkg\installed\x64-windows\include" /nologo /W0 /WX- /diagnostics:column /Od /D _MBCS /Gm- /EHsc /RTC1 /MDd /GS /fp:precise /Zc:wchar_t /Zc:forScope /Zc:inline /Fo"Debug\\" /Fd"Debug\vc142.pdb" /Gd /TP /FC /errorReport:queue CMakeCXXCompilerId.cpp
  CMakeCXXCompilerId.cpp
Link:
  C:\Program Files (x86)\Microsoft Visual Studio\2019\Community\VC\Tools\MSVC\14.23.28105\bin\HostX64\x64\link.exe /ERRORREPORT:QUEUE /OUT:".\CompilerIdCXX.exe" /INCREMENTAL:NO /NOLOGO /LIBPATH:"C:\Users\sesa219824\Documents\corporativo\cursos\Udacity\C++\Projects\vcpkg\installed\x64-windows\debug\lib" /LIBPATH:"C:\Users\sesa219824\Documents\corporativo\cursos\Udacity\C++\Projects\vcpkg\installed\x64-windows\debug\lib\manual-link" kernel32.lib user32.lib gdi32.lib winspool.lib comdlg32.lib advapi32.lib shell32.lib ole32.lib oleaut32.lib uuid.lib odbc32.lib odbccp32.lib "C:\Users\sesa219824\Documents\corporativo\cursos\Udacity\C++\Projects\vcpkg\installed\x64-windows\debug\lib\*.lib" /MANIFEST /MANIFESTUAC:"level='asInvoker' uiAccess='false'" /manifest:embed /PDB:".\CompilerIdCXX.pdb" /SUBSYSTEM:CONSOLE /TLBID:1 /DYNAMICBASE /NXCOMPAT /IMPLIB:".\CompilerIdCXX.lib" /MACHINE:X64 Debug\CMakeCXXCompilerId.obj
  CompilerIdCXX.vcxproj -> C:\Users\sesa219824\Documents\corporativo\cursos\Udacity\C++\Projects\CppND-Route-Planning-Project\build\CMakeFiles\3.16.0-rc2\CompilerIdCXX\.\CompilerIdCXX.exe
AppLocalFromInstalled:
  C:\WINDOWS\System32\WindowsPowerShell\v1.0\powershell.exe -ExecutionPolicy Bypass -noprofile -File "C:\Users\sesa219824\Documents\corporativo\cursos\Udacity\C++\Projects\vcpkg\scripts\buildsystems\msbuild\applocal.ps1" "C:\Users\sesa219824\Documents\corporativo\cursos\Udacity\C++\Projects\CppND-Route-Planning-Project\build\CMakeFiles\3.16.0-rc2\CompilerIdCXX\.\CompilerIdCXX.exe" "C:\Users\sesa219824\Documents\corporativo\cursos\Udacity\C++\Projects\vcpkg\installed\x64-windows\debug\bin" "Debug\CompilerIdCXX.tlog\CompilerIdCXX.write.1u.tlog" "Debug\vcpkg.applocal.log"
  CylancePROTECT Script Control has blocked access to this PowerShell script.
C:\Users\sesa219824\Documents\corporativo\cursos\Udacity\C++\Projects\vcpkg\scripts\buildsystems\msbuild\vcpkg.targets(88,5): error MSB3075: El comando "C:\WINDOWS\System32\WindowsPowerShell\v1.0\powershell.exe -ExecutionPolicy Bypass -noprofile -File "C:\Users\sesa219824\Documents\corporativo\cursos\Udacity\C++\Projects\vcpkg\scripts\buildsystems\msbuild\applocal.ps1" "C:\Users\sesa219824\Documents\corporativo\cursos\Udacity\C++\Projects\CppND-Route-Planning-Project\build\CMakeFiles\3.16.0-rc2\CompilerIdCXX\.\CompilerIdCXX.exe" "C:\Users\sesa219824\Documents\corporativo\cursos\Udacity\C++\Projects\vcpkg\installed\x64-windows\debug\bin" "Debug\CompilerIdCXX.tlog\CompilerIdCXX.write.1u.tlog" "Debug\vcpkg.applocal.log"" salió con el código 5. Compruebe que tiene derechos suficientes para ejecutar este comando. [C:\Users\sesa219824\Documents\corporativo\cursos\Udacity\C++\Projects\CppND-Route-Planning-Project\build\CMakeFiles\3.16.0-rc2\CompilerIdCXX\CompilerIdCXX.vcxproj]
Compilación del proyecto terminada "C:\Users\sesa219824\Documents\corporativo\cursos\Udacity\C++\Projects\CppND-Route-Planning-Project\build\CMakeFiles\3.16.0-rc2\CompilerIdCXX\CompilerIdCXX.vcxproj" (destinos predeterminados) -- ERROR.

ERROR al compilar.

"C:\Users\sesa219824\Documents\corporativo\cursos\Udacity\C++\Projects\CppND-Route-Planning-Project\build\CMakeFiles\3.16.0-rc2\CompilerIdCXX\CompilerIdCXX.vcxproj" (destino predeterminado) (1) ->
(AppLocalFromInstalled destino) -> 
  C:\Users\sesa219824\Documents\corporativo\cursos\Udacity\C++\Projects\vcpkg\scripts\buildsystems\msbuild\vcpkg.targets(88,5): error MSB3075: El comando "C:\WINDOWS\System32\WindowsPowerShell\v1.0\powershell.exe -ExecutionPolicy Bypass -noprofile -File "C:\Users\sesa219824\Documents\corporativo\cursos\Udacity\C++\Projects\vcpkg\scripts\buildsystems\msbuild\applocal.ps1" "C:\Users\sesa219824\Documents\corporativo\cursos\Udacity\C++\Projects\CppND-Route-Planning-Project\build\CMakeFiles\3.16.0-rc2\CompilerIdCXX\.\CompilerIdCXX.exe" "C:\Users\sesa219824\Documents\corporativo\cursos\Udacity\C++\Projects\vcpkg\installed\x64-windows\debug\bin" "Debug\CompilerIdCXX.tlog\CompilerIdCXX.write.1u.tlog" "Debug\vcpkg.applocal.log"" salió con el código 5. Compruebe que tiene derechos suficientes para ejecutar este comando. [C:\Users\sesa219824\Documents\corporativo\cursos\Udacity\C++\Projects\CppND-Route-Planning-Project\build\CMakeFiles\3.16.0-rc2\CompilerIdCXX\CompilerIdCXX.vcxproj]

    0 Advertencia(s)
    1 Errores

Tiempo transcurrido 00:00:09.54


Compiling the CXX compiler identification source file "CMakeCXXCompilerId.cpp" failed.
Compiler:  
Build flags: 
Id flags:  

The output was:
1
Microsoft (R) Build Engine versión 16.3.2+e481bbf88 para .NET Framework
Copyright (C) Microsoft Corporation. Todos los derechos reservados.

Compilación iniciada a las 07/11/2019 10:39:02.
Proyecto "C:\Users\sesa219824\Documents\corporativo\cursos\Udacity\C++\Projects\CppND-Route-Planning-Project\build\CMakeFiles\3.16.0-rc2\CompilerIdCXX\CompilerIdCXX.vcxproj" en nodo 1 (destinos predeterminados).
PrepareForBuild:
  Creando directorio "Debug\".
  Creando directorio "Debug\CompilerIdCXX.tlog\".
InitializeBuildStatus:
  Se creará "Debug\CompilerIdCXX.tlog\unsuccessfulbuild" porque se especificó "AlwaysCreate".
VcpkgTripletSelection:
  Using triplet "x64-windows" from "C:\Users\sesa219824\Documents\corporativo\cursos\Udacity\C++\Projects\vcpkg\installed\x64-windows\"
ClCompile:
  C:\Program Files (x86)\Microsoft Visual Studio\2019\Community\VC\Tools\MSVC\14.23.28105\bin\HostX64\x64\CL.exe /c /I"C:\Users\sesa219824\Documents\corporativo\cursos\Udacity\C++\Projects\vcpkg\installed\x64-windows\include" /nologo /W0 /WX- /diagnostics:column /Od /D _MBCS /Gm- /EHsc /RTC1 /MDd /GS /fp:precise /Zc:wchar_t /Zc:forScope /Zc:inline /Fo"Debug\\" /Fd"Debug\vc142.pdb" /Gd /TP /FC /errorReport:queue CMakeCXXCompilerId.cpp
  CMakeCXXCompilerId.cpp
Link:
  C:\Program Files (x86)\Microsoft Visual Studio\2019\Community\VC\Tools\MSVC\14.23.28105\bin\HostX64\x64\link.exe /ERRORREPORT:QUEUE /OUT:".\CompilerIdCXX.exe" /INCREMENTAL:NO /NOLOGO /LIBPATH:"C:\Users\sesa219824\Documents\corporativo\cursos\Udacity\C++\Projects\vcpkg\installed\x64-windows\debug\lib" /LIBPATH:"C:\Users\sesa219824\Documents\corporativo\cursos\Udacity\C++\Projects\vcpkg\installed\x64-windows\debug\lib\manual-link" kernel32.lib user32.lib gdi32.lib winspool.lib comdlg32.lib advapi32.lib shell32.lib ole32.lib oleaut32.lib uuid.lib odbc32.lib odbccp32.lib "C:\Users\sesa219824\Documents\corporativo\cursos\Udacity\C++\Projects\vcpkg\installed\x64-windows\debug\lib\*.lib" /MANIFEST /MANIFESTUAC:"level='asInvoker' uiAccess='false'" /manifest:embed /PDB:".\CompilerIdCXX.pdb" /SUBSYSTEM:CONSOLE /TLBID:1 /DYNAMICBASE /NXCOMPAT /IMPLIB:".\CompilerIdCXX.lib" /MACHINE:X64 Debug\CMakeCXXCompilerId.obj
  CompilerIdCXX.vcxproj -> C:\Users\sesa219824\Documents\corporativo\cursos\Udacity\C++\Projects\CppND-Route-Planning-Project\build\CMakeFiles\3.16.0-rc2\CompilerIdCXX\.\CompilerIdCXX.exe
AppLocalFromInstalled:
  C:\WINDOWS\System32\WindowsPowerShell\v1.0\powershell.exe -ExecutionPolicy Bypass -noprofile -File "C:\Users\sesa219824\Documents\corporativo\cursos\Udacity\C++\Projects\vcpkg\scripts\buildsystems\msbuild\applocal.ps1" "C:\Users\sesa219824\Documents\corporativo\cursos\Udacity\C++\Projects\CppND-Route-Planning-Project\build\CMakeFiles\3.16.0-rc2\CompilerIdCXX\.\CompilerIdCXX.exe" "C:\Users\sesa219824\Documents\corporativo\cursos\Udacity\C++\Projects\vcpkg\installed\x64-windows\debug\bin" "Debug\CompilerIdCXX.tlog\CompilerIdCXX.write.1u.tlog" "Debug\vcpkg.applocal.log"
  CylancePROTECT Script Control has blocked access to this PowerShell script.
C:\Users\sesa219824\Documents\corporativo\cursos\Udacity\C++\Projects\vcpkg\scripts\buildsystems\msbuild\vcpkg.targets(88,5): error MSB3075: El comando "C:\WINDOWS\System32\WindowsPowerShell\v1.0\powershell.exe -ExecutionPolicy Bypass -noprofile -File "C:\Users\sesa219824\Documents\corporativo\cursos\Udacity\C++\Projects\vcpkg\scripts\buildsystems\msbuild\applocal.ps1" "C:\Users\sesa219824\Documents\corporativo\cursos\Udacity\C++\Projects\CppND-Route-Planning-Project\build\CMakeFiles\3.16.0-rc2\CompilerIdCXX\.\CompilerIdCXX.exe" "C:\Users\sesa219824\Documents\corporativo\cursos\Udacity\C++\Projects\vcpkg\installed\x64-windows\debug\bin" "Debug\CompilerIdCXX.tlog\CompilerIdCXX.write.1u.tlog" "Debug\vcpkg.applocal.log"" salió con el código 5. Compruebe que tiene derechos suficientes para ejecutar este comando. [C:\Users\sesa219824\Documents\corporativo\cursos\Udacity\C++\Projects\CppND-Route-Planning-Project\build\CMakeFiles\3.16.0-rc2\CompilerIdCXX\CompilerIdCXX.vcxproj]
Compilación del proyecto terminada "C:\Users\sesa219824\Documents\corporativo\cursos\Udacity\C++\Projects\CppND-Route-Planning-Project\build\CMakeFiles\3.16.0-rc2\CompilerIdCXX\CompilerIdCXX.vcxproj" (destinos predeterminados) -- ERROR.

ERROR al compilar.

"C:\Users\sesa219824\Documents\corporativo\cursos\Udacity\C++\Projects\CppND-Route-Planning-Project\build\CMakeFiles\3.16.0-rc2\CompilerIdCXX\CompilerIdCXX.vcxproj" (destino predeterminado) (1) ->
(AppLocalFromInstalled destino) -> 
  C:\Users\sesa219824\Documents\corporativo\cursos\Udacity\C++\Projects\vcpkg\scripts\buildsystems\msbuild\vcpkg.targets(88,5): error MSB3075: El comando "C:\WINDOWS\System32\WindowsPowerShell\v1.0\powershell.exe -ExecutionPolicy Bypass -noprofile -File "C:\Users\sesa219824\Documents\corporativo\cursos\Udacity\C++\Projects\vcpkg\scripts\buildsystems\msbuild\applocal.ps1" "C:\Users\sesa219824\Documents\corporativo\cursos\Udacity\C++\Projects\CppND-Route-Planning-Project\build\CMakeFiles\3.16.0-rc2\CompilerIdCXX\.\CompilerIdCXX.exe" "C:\Users\sesa219824\Documents\corporativo\cursos\Udacity\C++\Projects\vcpkg\installed\x64-windows\debug\bin" "Debug\CompilerIdCXX.tlog\CompilerIdCXX.write.1u.tlog" "Debug\vcpkg.applocal.log"" salió con el código 5. Compruebe que tiene derechos suficientes para ejecutar este comando. [C:\Users\sesa219824\Documents\corporativo\cursos\Udacity\C++\Projects\CppND-Route-Planning-Project\build\CMakeFiles\3.16.0-rc2\CompilerIdCXX\CompilerIdCXX.vcxproj]

    0 Advertencia(s)
    1 Errores

Tiempo transcurrido 00:00:12.82


Compiling the C compiler identification source file "CMakeCCompilerId.c" failed.
Compiler:  
Build flags: 
Id flags:  

The output was:
1
Microsoft (R) Build Engine versión 16.3.2+e481bbf88 para .NET Framework
Copyright (C) Microsoft Corporation. Todos los derechos reservados.

Compilación iniciada a las 12/11/2019 8:51:47.
Proyecto "C:\Users\sesa219824\Documents\corporativo\cursos\Udacity\C++\Projects\CppND-Route-Planning-Project\build\CMakeFiles\3.16.0-rc2\CompilerIdC\CompilerIdC.vcxproj" en nodo 1 (destinos predeterminados).
PrepareForBuild:
  Creando directorio "Debug\".
  Creando directorio "Debug\CompilerIdC.tlog\".
InitializeBuildStatus:
  Se creará "Debug\CompilerIdC.tlog\unsuccessfulbuild" porque se especificó "AlwaysCreate".
VcpkgTripletSelection:
  Using triplet "x64-windows" from "C:\Users\sesa219824\Documents\corporativo\cursos\Udacity\C++\Projects\vcpkg\installed\x64-windows\"
ClCompile:
  C:\Program Files (x86)\Microsoft Visual Studio\2019\Community\VC\Tools\MSVC\14.23.28105\bin\HostX64\x64\CL.exe /c /I"C:\Users\sesa219824\Documents\corporativo\cursos\Udacity\C++\Projects\vcpkg\installed\x64-windows\include" /nologo /W0 /WX- /diagnostics:column /Od /D _MBCS /Gm- /EHsc /RTC1 /MDd /GS /fp:precise /Zc:wchar_t /Zc:forScope /Zc:inline /Fo"Debug\\" /Fd"Debug\vc142.pdb" /Gd /TC /FC /errorReport:queue CMakeCCompilerId.c
  CMakeCCompilerId.c
Link:
  C:\Program Files (x86)\Microsoft Visual Studio\2019\Community\VC\Tools\MSVC\14.23.28105\bin\HostX64\x64\link.exe /ERRORREPORT:QUEUE /OUT:".\CompilerIdC.exe" /INCREMENTAL:NO /NOLOGO /LIBPATH:"C:\Users\sesa219824\Documents\corporativo\cursos\Udacity\C++\Projects\vcpkg\installed\x64-windows\debug\lib" /LIBPATH:"C:\Users\sesa219824\Documents\corporativo\cursos\Udacity\C++\Projects\vcpkg\installed\x64-windows\debug\lib\manual-link" kernel32.lib user32.lib gdi32.lib winspool.lib comdlg32.lib advapi32.lib shell32.lib ole32.lib oleaut32.lib uuid.lib odbc32.lib odbccp32.lib "C:\Users\sesa219824\Documents\corporativo\cursos\Udacity\C++\Projects\vcpkg\installed\x64-windows\debug\lib\*.lib" /MANIFEST /MANIFESTUAC:"level='asInvoker' uiAccess='false'" /manifest:embed /PDB:".\CompilerIdC.pdb" /SUBSYSTEM:CONSOLE /TLBID:1 /DYNAMICBASE /NXCOMPAT /IMPLIB:".\CompilerIdC.lib" /MACHINE:X64 Debug\CMakeCCompilerId.obj
  CompilerIdC.vcxproj -> C:\Users\sesa219824\Documents\corporativo\cursos\Udacity\C++\Projects\CppND-Route-Planning-Project\build\CMakeFiles\3.16.0-rc2\CompilerIdC\.\CompilerIdC.exe
AppLocalFromInstalled:
  C:\WINDOWS\System32\WindowsPowerShell\v1.0\powershell.exe -ExecutionPolicy Bypass -noprofile -File "C:\Users\sesa219824\Documents\corporativo\cursos\Udacity\C++\Projects\vcpkg\scripts\buildsystems\msbuild\applocal.ps1" "C:\Users\sesa219824\Documents\corporativo\cursos\Udacity\C++\Projects\CppND-Route-Planning-Project\build\CMakeFiles\3.16.0-rc2\CompilerIdC\.\CompilerIdC.exe" "C:\Users\sesa219824\Documents\corporativo\cursos\Udacity\C++\Projects\vcpkg\installed\x64-windows\debug\bin" "Debug\CompilerIdC.tlog\CompilerIdC.write.1u.tlog" "Debug\vcpkg.applocal.log"
  CylancePROTECT Script Control has blocked access to this PowerShell script.
C:\Users\sesa219824\Documents\corporativo\cursos\Udacity\C++\Projects\vcpkg\scripts\buildsystems\msbuild\vcpkg.targets(88,5): error MSB3075: El comando "C:\WINDOWS\System32\WindowsPowerShell\v1.0\powershell.exe -ExecutionPolicy Bypass -noprofile -File "C:\Users\sesa219824\Documents\corporativo\cursos\Udacity\C++\Projects\vcpkg\scripts\buildsystems\msbuild\applocal.ps1" "C:\Users\sesa219824\Documents\corporativo\cursos\Udacity\C++\Projects\CppND-Route-Planning-Project\build\CMakeFiles\3.16.0-rc2\CompilerIdC\.\CompilerIdC.exe" "C:\Users\sesa219824\Documents\corporativo\cursos\Udacity\C++\Projects\vcpkg\installed\x64-windows\debug\bin" "Debug\CompilerIdC.tlog\CompilerIdC.write.1u.tlog" "Debug\vcpkg.applocal.log"" salió con el código 5. Compruebe que tiene derechos suficientes para ejecutar este comando. [C:\Users\sesa219824\Documents\corporativo\cursos\Udacity\C++\Projects\CppND-Route-Planning-Project\build\CMakeFiles\3.16.0-rc2\CompilerIdC\CompilerIdC.vcxproj]
Compilación del proyecto terminada "C:\Users\sesa219824\Documents\corporativo\cursos\Udacity\C++\Projects\CppND-Route-Planning-Project\build\CMakeFiles\3.16.0-rc2\CompilerIdC\CompilerIdC.vcxproj" (destinos predeterminados) -- ERROR.

ERROR al compilar.

"C:\Users\sesa219824\Documents\corporativo\cursos\Udacity\C++\Projects\CppND-Route-Planning-Project\build\CMakeFiles\3.16.0-rc2\CompilerIdC\CompilerIdC.vcxproj" (destino predeterminado) (1) ->
(AppLocalFromInstalled destino) -> 
  C:\Users\sesa219824\Documents\corporativo\cursos\Udacity\C++\Projects\vcpkg\scripts\buildsystems\msbuild\vcpkg.targets(88,5): error MSB3075: El comando "C:\WINDOWS\System32\WindowsPowerShell\v1.0\powershell.exe -ExecutionPolicy Bypass -noprofile -File "C:\Users\sesa219824\Documents\corporativo\cursos\Udacity\C++\Projects\vcpkg\scripts\buildsystems\msbuild\applocal.ps1" "C:\Users\sesa219824\Documents\corporativo\cursos\Udacity\C++\Projects\CppND-Route-Planning-Project\build\CMakeFiles\3.16.0-rc2\CompilerIdC\.\CompilerIdC.exe" "C:\Users\sesa219824\Documents\corporativo\cursos\Udacity\C++\Projects\vcpkg\installed\x64-windows\debug\bin" "Debug\CompilerIdC.tlog\CompilerIdC.write.1u.tlog" "Debug\vcpkg.applocal.log"" salió con el código 5. Compruebe que tiene derechos suficientes para ejecutar este comando. [C:\Users\sesa219824\Documents\corporativo\cursos\Udacity\C++\Projects\CppND-Route-Planning-Project\build\CMakeFiles\3.16.0-rc2\CompilerIdC\CompilerIdC.vcxproj]

    0 Advertencia(s)
    1 Errores

Tiempo transcurrido 00:00:15.93


Compiling the C compiler identification source file "CMakeCCompilerId.c" failed.
Compiler:  
Build flags: 
Id flags:  

The output was:
1
Microsoft (R) Build Engine versión 16.3.2+e481bbf88 para .NET Framework
Copyright (C) Microsoft Corporation. Todos los derechos reservados.

Compilación iniciada a las 12/11/2019 8:52:05.
Proyecto "C:\Users\sesa219824\Documents\corporativo\cursos\Udacity\C++\Projects\CppND-Route-Planning-Project\build\CMakeFiles\3.16.0-rc2\CompilerIdC\CompilerIdC.vcxproj" en nodo 1 (destinos predeterminados).
PrepareForBuild:
  Creando directorio "Debug\".
  Creando directorio "Debug\CompilerIdC.tlog\".
InitializeBuildStatus:
  Se creará "Debug\CompilerIdC.tlog\unsuccessfulbuild" porque se especificó "AlwaysCreate".
VcpkgTripletSelection:
  Using triplet "x64-windows" from "C:\Users\sesa219824\Documents\corporativo\cursos\Udacity\C++\Projects\vcpkg\installed\x64-windows\"
ClCompile:
  C:\Program Files (x86)\Microsoft Visual Studio\2019\Community\VC\Tools\MSVC\14.23.28105\bin\HostX64\x64\CL.exe /c /I"C:\Users\sesa219824\Documents\corporativo\cursos\Udacity\C++\Projects\vcpkg\installed\x64-windows\include" /nologo /W0 /WX- /diagnostics:column /Od /D _MBCS /Gm- /EHsc /RTC1 /MDd /GS /fp:precise /Zc:wchar_t /Zc:forScope /Zc:inline /Fo"Debug\\" /Fd"Debug\vc142.pdb" /Gd /TC /FC /errorReport:queue CMakeCCompilerId.c
  CMakeCCompilerId.c
Link:
  C:\Program Files (x86)\Microsoft Visual Studio\2019\Community\VC\Tools\MSVC\14.23.28105\bin\HostX64\x64\link.exe /ERRORREPORT:QUEUE /OUT:".\CompilerIdC.exe" /INCREMENTAL:NO /NOLOGO /LIBPATH:"C:\Users\sesa219824\Documents\corporativo\cursos\Udacity\C++\Projects\vcpkg\installed\x64-windows\debug\lib" /LIBPATH:"C:\Users\sesa219824\Documents\corporativo\cursos\Udacity\C++\Projects\vcpkg\installed\x64-windows\debug\lib\manual-link" kernel32.lib user32.lib gdi32.lib winspool.lib comdlg32.lib advapi32.lib shell32.lib ole32.lib oleaut32.lib uuid.lib odbc32.lib odbccp32.lib "C:\Users\sesa219824\Documents\corporativo\cursos\Udacity\C++\Projects\vcpkg\installed\x64-windows\debug\lib\*.lib" /MANIFEST /MANIFESTUAC:"level='asInvoker' uiAccess='false'" /manifest:embed /PDB:".\CompilerIdC.pdb" /SUBSYSTEM:CONSOLE /TLBID:1 /DYNAMICBASE /NXCOMPAT /IMPLIB:".\CompilerIdC.lib" /MACHINE:X64 Debug\CMakeCCompilerId.obj
  CompilerIdC.vcxproj -> C:\Users\sesa219824\Documents\corporativo\cursos\Udacity\C++\Projects\CppND-Route-Planning-Project\build\CMakeFiles\3.16.0-rc2\CompilerIdC\.\CompilerIdC.exe
AppLocalFromInstalled:
  C:\WINDOWS\System32\WindowsPowerShell\v1.0\powershell.exe -ExecutionPolicy Bypass -noprofile -File "C:\Users\sesa219824\Documents\corporativo\cursos\Udacity\C++\Projects\vcpkg\scripts\buildsystems\msbuild\applocal.ps1" "C:\Users\sesa219824\Documents\corporativo\cursos\Udacity\C++\Projects\CppND-Route-Planning-Project\build\CMakeFiles\3.16.0-rc2\CompilerIdC\.\CompilerIdC.exe" "C:\Users\sesa219824\Documents\corporativo\cursos\Udacity\C++\Projects\vcpkg\installed\x64-windows\debug\bin" "Debug\CompilerIdC.tlog\CompilerIdC.write.1u.tlog" "Debug\vcpkg.applocal.log"
  CylancePROTECT Script Control has blocked access to this PowerShell script.
C:\Users\sesa219824\Documents\corporativo\cursos\Udacity\C++\Projects\vcpkg\scripts\buildsystems\msbuild\vcpkg.targets(88,5): error MSB3075: El comando "C:\WINDOWS\System32\WindowsPowerShell\v1.0\powershell.exe -ExecutionPolicy Bypass -noprofile -File "C:\Users\sesa219824\Documents\corporativo\cursos\Udacity\C++\Projects\vcpkg\scripts\buildsystems\msbuild\applocal.ps1" "C:\Users\sesa219824\Documents\corporativo\cursos\Udacity\C++\Projects\CppND-Route-Planning-Project\build\CMakeFiles\3.16.0-rc2\CompilerIdC\.\CompilerIdC.exe" "C:\Users\sesa219824\Documents\corporativo\cursos\Udacity\C++\Projects\vcpkg\installed\x64-windows\debug\bin" "Debug\CompilerIdC.tlog\CompilerIdC.write.1u.tlog" "Debug\vcpkg.applocal.log"" salió con el código 5. Compruebe que tiene derechos suficientes para ejecutar este comando. [C:\Users\sesa219824\Documents\corporativo\cursos\Udacity\C++\Projects\CppND-Route-Planning-Project\build\CMakeFiles\3.16.0-rc2\CompilerIdC\CompilerIdC.vcxproj]
Compilación del proyecto terminada "C:\Users\sesa219824\Documents\corporativo\cursos\Udacity\C++\Projects\CppND-Route-Planning-Project\build\CMakeFiles\3.16.0-rc2\CompilerIdC\CompilerIdC.vcxproj" (destinos predeterminados) -- ERROR.

ERROR al compilar.

"C:\Users\sesa219824\Documents\corporativo\cursos\Udacity\C++\Projects\CppND-Route-Planning-Project\build\CMakeFiles\3.16.0-rc2\CompilerIdC\CompilerIdC.vcxproj" (destino predeterminado) (1) ->
(AppLocalFromInstalled destino) -> 
  C:\Users\sesa219824\Documents\corporativo\cursos\Udacity\C++\Projects\vcpkg\scripts\buildsystems\msbuild\vcpkg.targets(88,5): error MSB3075: El comando "C:\WINDOWS\System32\WindowsPowerShell\v1.0\powershell.exe -ExecutionPolicy Bypass -noprofile -File "C:\Users\sesa219824\Documents\corporativo\cursos\Udacity\C++\Projects\vcpkg\scripts\buildsystems\msbuild\applocal.ps1" "C:\Users\sesa219824\Documents\corporativo\cursos\Udacity\C++\Projects\CppND-Route-Planning-Project\build\CMakeFiles\3.16.0-rc2\CompilerIdC\.\CompilerIdC.exe" "C:\Users\sesa219824\Documents\corporativo\cursos\Udacity\C++\Projects\vcpkg\installed\x64-windows\debug\bin" "Debug\CompilerIdC.tlog\CompilerIdC.write.1u.tlog" "Debug\vcpkg.applocal.log"" salió con el código 5. Compruebe que tiene derechos suficientes para ejecutar este comando. [C:\Users\sesa219824\Documents\corporativo\cursos\Udacity\C++\Projects\CppND-Route-Planning-Project\build\CMakeFiles\3.16.0-rc2\CompilerIdC\CompilerIdC.vcxproj]

    0 Advertencia(s)
    1 Errores

Tiempo transcurrido 00:00:08.05


Compiling the CXX compiler identification source file "CMakeCXXCompilerId.cpp" failed.
Compiler:  
Build flags: 
Id flags:  

The output was:
1
Microsoft (R) Build Engine versión 16.3.2+e481bbf88 para .NET Framework
Copyright (C) Microsoft Corporation. Todos los derechos reservados.

Compilación iniciada a las 12/11/2019 8:52:15.
Proyecto "C:\Users\sesa219824\Documents\corporativo\cursos\Udacity\C++\Projects\CppND-Route-Planning-Project\build\CMakeFiles\3.16.0-rc2\CompilerIdCXX\CompilerIdCXX.vcxproj" en nodo 1 (destinos predeterminados).
PrepareForBuild:
  Creando directorio "Debug\".
  Creando directorio "Debug\CompilerIdCXX.tlog\".
InitializeBuildStatus:
  Se creará "Debug\CompilerIdCXX.tlog\unsuccessfulbuild" porque se especificó "AlwaysCreate".
VcpkgTripletSelection:
  Using triplet "x64-windows" from "C:\Users\sesa219824\Documents\corporativo\cursos\Udacity\C++\Projects\vcpkg\installed\x64-windows\"
ClCompile:
  C:\Program Files (x86)\Microsoft Visual Studio\2019\Community\VC\Tools\MSVC\14.23.28105\bin\HostX64\x64\CL.exe /c /I"C:\Users\sesa219824\Documents\corporativo\cursos\Udacity\C++\Projects\vcpkg\installed\x64-windows\include" /nologo /W0 /WX- /diagnostics:column /Od /D _MBCS /Gm- /EHsc /RTC1 /MDd /GS /fp:precise /Zc:wchar_t /Zc:forScope /Zc:inline /Fo"Debug\\" /Fd"Debug\vc142.pdb" /Gd /TP /FC /errorReport:queue CMakeCXXCompilerId.cpp
  CMakeCXXCompilerId.cpp
Link:
  C:\Program Files (x86)\Microsoft Visual Studio\2019\Community\VC\Tools\MSVC\14.23.28105\bin\HostX64\x64\link.exe /ERRORREPORT:QUEUE /OUT:".\CompilerIdCXX.exe" /INCREMENTAL:NO /NOLOGO /LIBPATH:"C:\Users\sesa219824\Documents\corporativo\cursos\Udacity\C++\Projects\vcpkg\installed\x64-windows\debug\lib" /LIBPATH:"C:\Users\sesa219824\Documents\corporativo\cursos\Udacity\C++\Projects\vcpkg\installed\x64-windows\debug\lib\manual-link" kernel32.lib user32.lib gdi32.lib winspool.lib comdlg32.lib advapi32.lib shell32.lib ole32.lib oleaut32.lib uuid.lib odbc32.lib odbccp32.lib "C:\Users\sesa219824\Documents\corporativo\cursos\Udacity\C++\Projects\vcpkg\installed\x64-windows\debug\lib\*.lib" /MANIFEST /MANIFESTUAC:"level='asInvoker' uiAccess='false'" /manifest:embed /PDB:".\CompilerIdCXX.pdb" /SUBSYSTEM:CONSOLE /TLBID:1 /DYNAMICBASE /NXCOMPAT /IMPLIB:".\CompilerIdCXX.lib" /MACHINE:X64 Debug\CMakeCXXCompilerId.obj
  CompilerIdCXX.vcxproj -> C:\Users\sesa219824\Documents\corporativo\cursos\Udacity\C++\Projects\CppND-Route-Planning-Project\build\CMakeFiles\3.16.0-rc2\CompilerIdCXX\.\CompilerIdCXX.exe
AppLocalFromInstalled:
  C:\WINDOWS\System32\WindowsPowerShell\v1.0\powershell.exe -ExecutionPolicy Bypass -noprofile -File "C:\Users\sesa219824\Documents\corporativo\cursos\Udacity\C++\Projects\vcpkg\scripts\buildsystems\msbuild\applocal.ps1" "C:\Users\sesa219824\Documents\corporativo\cursos\Udacity\C++\Projects\CppND-Route-Planning-Project\build\CMakeFiles\3.16.0-rc2\CompilerIdCXX\.\CompilerIdCXX.exe" "C:\Users\sesa219824\Documents\corporativo\cursos\Udacity\C++\Projects\vcpkg\installed\x64-windows\debug\bin" "Debug\CompilerIdCXX.tlog\CompilerIdCXX.write.1u.tlog" "Debug\vcpkg.applocal.log"
  CylancePROTECT Script Control has blocked access to this PowerShell script.
C:\Users\sesa219824\Documents\corporativo\cursos\Udacity\C++\Projects\vcpkg\scripts\buildsystems\msbuild\vcpkg.targets(88,5): error MSB3075: El comando "C:\WINDOWS\System32\WindowsPowerShell\v1.0\powershell.exe -ExecutionPolicy Bypass -noprofile -File "C:\Users\sesa219824\Documents\corporativo\cursos\Udacity\C++\Projects\vcpkg\scripts\buildsystems\msbuild\applocal.ps1" "C:\Users\sesa219824\Documents\corporativo\cursos\Udacity\C++\Projects\CppND-Route-Planning-Project\build\CMakeFiles\3.16.0-rc2\CompilerIdCXX\.\CompilerIdCXX.exe" "C:\Users\sesa219824\Documents\corporativo\cursos\Udacity\C++\Projects\vcpkg\installed\x64-windows\debug\bin" "Debug\CompilerIdCXX.tlog\CompilerIdCXX.write.1u.tlog" "Debug\vcpkg.applocal.log"" salió con el código 5. Compruebe que tiene derechos suficientes para ejecutar este comando. [C:\Users\sesa219824\Documents\corporativo\cursos\Udacity\C++\Projects\CppND-Route-Planning-Project\build\CMakeFiles\3.16.0-rc2\CompilerIdCXX\CompilerIdCXX.vcxproj]
Compilación del proyecto terminada "C:\Users\sesa219824\Documents\corporativo\cursos\Udacity\C++\Projects\CppND-Route-Planning-Project\build\CMakeFiles\3.16.0-rc2\CompilerIdCXX\CompilerIdCXX.vcxproj" (destinos predeterminados) -- ERROR.

ERROR al compilar.

"C:\Users\sesa219824\Documents\corporativo\cursos\Udacity\C++\Projects\CppND-Route-Planning-Project\build\CMakeFiles\3.16.0-rc2\CompilerIdCXX\CompilerIdCXX.vcxproj" (destino predeterminado) (1) ->
(AppLocalFromInstalled destino) -> 
  C:\Users\sesa219824\Documents\corporativo\cursos\Udacity\C++\Projects\vcpkg\scripts\buildsystems\msbuild\vcpkg.targets(88,5): error MSB3075: El comando "C:\WINDOWS\System32\WindowsPowerShell\v1.0\powershell.exe -ExecutionPolicy Bypass -noprofile -File "C:\Users\sesa219824\Documents\corporativo\cursos\Udacity\C++\Projects\vcpkg\scripts\buildsystems\msbuild\applocal.ps1" "C:\Users\sesa219824\Documents\corporativo\cursos\Udacity\C++\Projects\CppND-Route-Planning-Project\build\CMakeFiles\3.16.0-rc2\CompilerIdCXX\.\CompilerIdCXX.exe" "C:\Users\sesa219824\Documents\corporativo\cursos\Udacity\C++\Projects\vcpkg\installed\x64-windows\debug\bin" "Debug\CompilerIdCXX.tlog\CompilerIdCXX.write.1u.tlog" "Debug\vcpkg.applocal.log"" salió con el código 5. Compruebe que tiene derechos suficientes para ejecutar este comando. [C:\Users\sesa219824\Documents\corporativo\cursos\Udacity\C++\Projects\CppND-Route-Planning-Project\build\CMakeFiles\3.16.0-rc2\CompilerIdCXX\CompilerIdCXX.vcxproj]

    0 Advertencia(s)
    1 Errores

Tiempo transcurrido 00:00:09.15


Compiling the CXX compiler identification source file "CMakeCXXCompilerId.cpp" failed.
Compiler:  
Build flags: 
Id flags:  

The output was:
1
Microsoft (R) Build Engine versión 16.3.2+e481bbf88 para .NET Framework
Copyright (C) Microsoft Corporation. Todos los derechos reservados.

Compilación iniciada a las 12/11/2019 8:52:26.
Proyecto "C:\Users\sesa219824\Documents\corporativo\cursos\Udacity\C++\Projects\CppND-Route-Planning-Project\build\CMakeFiles\3.16.0-rc2\CompilerIdCXX\CompilerIdCXX.vcxproj" en nodo 1 (destinos predeterminados).
PrepareForBuild:
  Creando directorio "Debug\".
  Creando directorio "Debug\CompilerIdCXX.tlog\".
InitializeBuildStatus:
  Se creará "Debug\CompilerIdCXX.tlog\unsuccessfulbuild" porque se especificó "AlwaysCreate".
VcpkgTripletSelection:
  Using triplet "x64-windows" from "C:\Users\sesa219824\Documents\corporativo\cursos\Udacity\C++\Projects\vcpkg\installed\x64-windows\"
ClCompile:
  C:\Program Files (x86)\Microsoft Visual Studio\2019\Community\VC\Tools\MSVC\14.23.28105\bin\HostX64\x64\CL.exe /c /I"C:\Users\sesa219824\Documents\corporativo\cursos\Udacity\C++\Projects\vcpkg\installed\x64-windows\include" /nologo /W0 /WX- /diagnostics:column /Od /D _MBCS /Gm- /EHsc /RTC1 /MDd /GS /fp:precise /Zc:wchar_t /Zc:forScope /Zc:inline /Fo"Debug\\" /Fd"Debug\vc142.pdb" /Gd /TP /FC /errorReport:queue CMakeCXXCompilerId.cpp
  CMakeCXXCompilerId.cpp
Link:
  C:\Program Files (x86)\Microsoft Visual Studio\2019\Community\VC\Tools\MSVC\14.23.28105\bin\HostX64\x64\link.exe /ERRORREPORT:QUEUE /OUT:".\CompilerIdCXX.exe" /INCREMENTAL:NO /NOLOGO /LIBPATH:"C:\Users\sesa219824\Documents\corporativo\cursos\Udacity\C++\Projects\vcpkg\installed\x64-windows\debug\lib" /LIBPATH:"C:\Users\sesa219824\Documents\corporativo\cursos\Udacity\C++\Projects\vcpkg\installed\x64-windows\debug\lib\manual-link" kernel32.lib user32.lib gdi32.lib winspool.lib comdlg32.lib advapi32.lib shell32.lib ole32.lib oleaut32.lib uuid.lib odbc32.lib odbccp32.lib "C:\Users\sesa219824\Documents\corporativo\cursos\Udacity\C++\Projects\vcpkg\installed\x64-windows\debug\lib\*.lib" /MANIFEST /MANIFESTUAC:"level='asInvoker' uiAccess='false'" /manifest:embed /PDB:".\CompilerIdCXX.pdb" /SUBSYSTEM:CONSOLE /TLBID:1 /DYNAMICBASE /NXCOMPAT /IMPLIB:".\CompilerIdCXX.lib" /MACHINE:X64 Debug\CMakeCXXCompilerId.obj
  CompilerIdCXX.vcxproj -> C:\Users\sesa219824\Documents\corporativo\cursos\Udacity\C++\Projects\CppND-Route-Planning-Project\build\CMakeFiles\3.16.0-rc2\CompilerIdCXX\.\CompilerIdCXX.exe
AppLocalFromInstalled:
  C:\WINDOWS\System32\WindowsPowerShell\v1.0\powershell.exe -ExecutionPolicy Bypass -noprofile -File "C:\Users\sesa219824\Documents\corporativo\cursos\Udacity\C++\Projects\vcpkg\scripts\buildsystems\msbuild\applocal.ps1" "C:\Users\sesa219824\Documents\corporativo\cursos\Udacity\C++\Projects\CppND-Route-Planning-Project\build\CMakeFiles\3.16.0-rc2\CompilerIdCXX\.\CompilerIdCXX.exe" "C:\Users\sesa219824\Documents\corporativo\cursos\Udacity\C++\Projects\vcpkg\installed\x64-windows\debug\bin" "Debug\CompilerIdCXX.tlog\CompilerIdCXX.write.1u.tlog" "Debug\vcpkg.applocal.log"
  CylancePROTECT Script Control has blocked access to this PowerShell script.
C:\Users\sesa219824\Documents\corporativo\cursos\Udacity\C++\Projects\vcpkg\scripts\buildsystems\msbuild\vcpkg.targets(88,5): error MSB3075: El comando "C:\WINDOWS\System32\WindowsPowerShell\v1.0\powershell.exe -ExecutionPolicy Bypass -noprofile -File "C:\Users\sesa219824\Documents\corporativo\cursos\Udacity\C++\Projects\vcpkg\scripts\buildsystems\msbuild\applocal.ps1" "C:\Users\sesa219824\Documents\corporativo\cursos\Udacity\C++\Projects\CppND-Route-Planning-Project\build\CMakeFiles\3.16.0-rc2\CompilerIdCXX\.\CompilerIdCXX.exe" "C:\Users\sesa219824\Documents\corporativo\cursos\Udacity\C++\Projects\vcpkg\installed\x64-windows\debug\bin" "Debug\CompilerIdCXX.tlog\CompilerIdCXX.write.1u.tlog" "Debug\vcpkg.applocal.log"" salió con el código 5. Compruebe que tiene derechos suficientes para ejecutar este comando. [C:\Users\sesa219824\Documents\corporativo\cursos\Udacity\C++\Projects\CppND-Route-Planning-Project\build\CMakeFiles\3.16.0-rc2\CompilerIdCXX\CompilerIdCXX.vcxproj]
Compilación del proyecto terminada "C:\Users\sesa219824\Documents\corporativo\cursos\Udacity\C++\Projects\CppND-Route-Planning-Project\build\CMakeFiles\3.16.0-rc2\CompilerIdCXX\CompilerIdCXX.vcxproj" (destinos predeterminados) -- ERROR.

ERROR al compilar.

"C:\Users\sesa219824\Documents\corporativo\cursos\Udacity\C++\Projects\CppND-Route-Planning-Project\build\CMakeFiles\3.16.0-rc2\CompilerIdCXX\CompilerIdCXX.vcxproj" (destino predeterminado) (1) ->
(AppLocalFromInstalled destino) -> 
  C:\Users\sesa219824\Documents\corporativo\cursos\Udacity\C++\Projects\vcpkg\scripts\buildsystems\msbuild\vcpkg.targets(88,5): error MSB3075: El comando "C:\WINDOWS\System32\WindowsPowerShell\v1.0\powershell.exe -ExecutionPolicy Bypass -noprofile -File "C:\Users\sesa219824\Documents\corporativo\cursos\Udacity\C++\Projects\vcpkg\scripts\buildsystems\msbuild\applocal.ps1" "C:\Users\sesa219824\Documents\corporativo\cursos\Udacity\C++\Projects\CppND-Route-Planning-Project\build\CMakeFiles\3.16.0-rc2\CompilerIdCXX\.\CompilerIdCXX.exe" "C:\Users\sesa219824\Documents\corporativo\cursos\Udacity\C++\Projects\vcpkg\installed\x64-windows\debug\bin" "Debug\CompilerIdCXX.tlog\CompilerIdCXX.write.1u.tlog" "Debug\vcpkg.applocal.log"" salió con el código 5. Compruebe que tiene derechos suficientes para ejecutar este comando. [C:\Users\sesa219824\Documents\corporativo\cursos\Udacity\C++\Projects\CppND-Route-Planning-Project\build\CMakeFiles\3.16.0-rc2\CompilerIdCXX\CompilerIdCXX.vcxproj]

    0 Advertencia(s)
    1 Errores

Tiempo transcurrido 00:00:09.10


